[2022-03-09T22:27:35,442][INFO ][o.e.n.Node               ] [] initializing ...
[2022-03-09T22:27:35,605][INFO ][o.e.e.NodeEnvironment    ] [otHf-nP] using [1] data paths, mounts [[(C:)]], net usable_space [66.2gb], net total_space [446.5gb], spins? [unknown], types [NTFS]
[2022-03-09T22:27:35,605][INFO ][o.e.e.NodeEnvironment    ] [otHf-nP] heap size [1.9gb], compressed ordinary object pointers [true]
[2022-03-09T22:27:35,607][INFO ][o.e.n.Node               ] node name [otHf-nP] derived from node ID [otHf-nPeSUuRSlRS97315g]; set [node.name] to override
[2022-03-09T22:27:35,610][INFO ][o.e.n.Node               ] version[5.2.0], pid[828], build[24e05b9/2017-01-24T19:52:35.800Z], OS[Windows 10/10.0/amd64], JVM[Oracle Corporation/Java HotSpot(TM) 64-Bit Server VM/11.0.13/11.0.13+10-LTS-370]
[2022-03-09T22:27:36,045][INFO ][o.e.p.PluginsService     ] [otHf-nP] loaded module [aggs-matrix-stats]
[2022-03-09T22:27:36,046][INFO ][o.e.p.PluginsService     ] [otHf-nP] loaded module [ingest-common]
[2022-03-09T22:27:36,046][INFO ][o.e.p.PluginsService     ] [otHf-nP] loaded module [lang-expression]
[2022-03-09T22:27:36,046][INFO ][o.e.p.PluginsService     ] [otHf-nP] loaded module [lang-groovy]
[2022-03-09T22:27:36,046][INFO ][o.e.p.PluginsService     ] [otHf-nP] loaded module [lang-mustache]
[2022-03-09T22:27:36,046][INFO ][o.e.p.PluginsService     ] [otHf-nP] loaded module [lang-painless]
[2022-03-09T22:27:36,046][INFO ][o.e.p.PluginsService     ] [otHf-nP] loaded module [percolator]
[2022-03-09T22:27:36,046][INFO ][o.e.p.PluginsService     ] [otHf-nP] loaded module [reindex]
[2022-03-09T22:27:36,047][INFO ][o.e.p.PluginsService     ] [otHf-nP] loaded module [transport-netty3]
[2022-03-09T22:27:36,047][INFO ][o.e.p.PluginsService     ] [otHf-nP] loaded module [transport-netty4]
[2022-03-09T22:27:36,047][INFO ][o.e.p.PluginsService     ] [otHf-nP] no plugins loaded
[2022-03-09T22:27:37,475][INFO ][o.e.n.Node               ] initialized
[2022-03-09T22:27:37,475][INFO ][o.e.n.Node               ] [otHf-nP] starting ...
[2022-03-09T22:27:38,199][INFO ][o.e.t.TransportService   ] [otHf-nP] publish_address {127.0.0.1:9300}, bound_addresses {127.0.0.1:9300}, {[::1]:9300}
[2022-03-09T22:27:41,270][INFO ][o.e.c.s.ClusterService   ] [otHf-nP] new_master {otHf-nP}{otHf-nPeSUuRSlRS97315g}{arim9K-LQmakpHaJ_AyHiQ}{127.0.0.1}{127.0.0.1:9300}, reason: zen-disco-elected-as-master ([0] nodes joined)
[2022-03-09T22:27:41,288][INFO ][o.e.g.GatewayService     ] [otHf-nP] recovered [0] indices into cluster_state
[2022-03-09T22:27:41,614][INFO ][o.e.h.HttpServer         ] [otHf-nP] publish_address {127.0.0.1:9200}, bound_addresses {127.0.0.1:9200}, {[::1]:9200}
[2022-03-09T22:27:41,614][INFO ][o.e.n.Node               ] [otHf-nP] started
[2022-03-09T22:28:11,291][INFO ][o.e.c.r.a.DiskThresholdMonitor] [otHf-nP] low disk watermark [85%] exceeded on [otHf-nPeSUuRSlRS97315g][otHf-nP][C:\ws-estudos\alura-curso-elk-2\curso-elk-parte2\elasticsearch-5.2.0\data\nodes\0] free: 66.2gb[14.8%], replicas will not be assigned to this node
[2022-03-09T22:28:41,312][INFO ][o.e.c.r.a.DiskThresholdMonitor] [otHf-nP] low disk watermark [85%] exceeded on [otHf-nPeSUuRSlRS97315g][otHf-nP][C:\ws-estudos\alura-curso-elk-2\curso-elk-parte2\elasticsearch-5.2.0\data\nodes\0] free: 66.2gb[14.8%], replicas will not be assigned to this node
[2022-03-09T22:29:11,317][INFO ][o.e.c.r.a.DiskThresholdMonitor] [otHf-nP] low disk watermark [85%] exceeded on [otHf-nPeSUuRSlRS97315g][otHf-nP][C:\ws-estudos\alura-curso-elk-2\curso-elk-parte2\elasticsearch-5.2.0\data\nodes\0] free: 66.2gb[14.8%], replicas will not be assigned to this node
[2022-03-09T22:29:41,326][INFO ][o.e.c.r.a.DiskThresholdMonitor] [otHf-nP] low disk watermark [85%] exceeded on [otHf-nPeSUuRSlRS97315g][otHf-nP][C:\ws-estudos\alura-curso-elk-2\curso-elk-parte2\elasticsearch-5.2.0\data\nodes\0] free: 66.2gb[14.8%], replicas will not be assigned to this node
[2022-03-09T22:30:11,330][INFO ][o.e.c.r.a.DiskThresholdMonitor] [otHf-nP] low disk watermark [85%] exceeded on [otHf-nPeSUuRSlRS97315g][otHf-nP][C:\ws-estudos\alura-curso-elk-2\curso-elk-parte2\elasticsearch-5.2.0\data\nodes\0] free: 66.2gb[14.8%], replicas will not be assigned to this node
[2022-03-09T22:30:41,347][INFO ][o.e.c.r.a.DiskThresholdMonitor] [otHf-nP] low disk watermark [85%] exceeded on [otHf-nPeSUuRSlRS97315g][otHf-nP][C:\ws-estudos\alura-curso-elk-2\curso-elk-parte2\elasticsearch-5.2.0\data\nodes\0] free: 66.2gb[14.8%], replicas will not be assigned to this node
[2022-03-09T22:30:54,166][INFO ][o.e.c.m.MetaDataCreateIndexService] [otHf-nP] [.kibana] creating index, cause [api], templates [], shards [1]/[1], mappings [server, config]
[2022-03-09T22:31:11,378][INFO ][o.e.c.r.a.DiskThresholdMonitor] [otHf-nP] low disk watermark [85%] exceeded on [otHf-nPeSUuRSlRS97315g][otHf-nP][C:\ws-estudos\alura-curso-elk-2\curso-elk-parte2\elasticsearch-5.2.0\data\nodes\0] free: 66.2gb[14.8%], replicas will not be assigned to this node
[2022-03-09T22:31:12,557][INFO ][o.e.c.m.MetaDataMappingService] [otHf-nP] [.kibana/kG-aPCeZR6GByJKJ8G0eSg] create_mapping [index-pattern]
[2022-03-09T22:31:41,396][INFO ][o.e.c.r.a.DiskThresholdMonitor] [otHf-nP] low disk watermark [85%] exceeded on [otHf-nPeSUuRSlRS97315g][otHf-nP][C:\ws-estudos\alura-curso-elk-2\curso-elk-parte2\elasticsearch-5.2.0\data\nodes\0] free: 66.2gb[14.8%], replicas will not be assigned to this node
[2022-03-09T22:32:11,410][INFO ][o.e.c.r.a.DiskThresholdMonitor] [otHf-nP] low disk watermark [85%] exceeded on [otHf-nPeSUuRSlRS97315g][otHf-nP][C:\ws-estudos\alura-curso-elk-2\curso-elk-parte2\elasticsearch-5.2.0\data\nodes\0] free: 66.2gb[14.8%], replicas will not be assigned to this node
[2022-03-09T22:32:41,429][INFO ][o.e.c.r.a.DiskThresholdMonitor] [otHf-nP] low disk watermark [85%] exceeded on [otHf-nPeSUuRSlRS97315g][otHf-nP][C:\ws-estudos\alura-curso-elk-2\curso-elk-parte2\elasticsearch-5.2.0\data\nodes\0] free: 66.1gb[14.8%], replicas will not be assigned to this node
[2022-03-09T22:33:11,432][INFO ][o.e.c.r.a.DiskThresholdMonitor] [otHf-nP] low disk watermark [85%] exceeded on [otHf-nPeSUuRSlRS97315g][otHf-nP][C:\ws-estudos\alura-curso-elk-2\curso-elk-parte2\elasticsearch-5.2.0\data\nodes\0] free: 66.1gb[14.8%], replicas will not be assigned to this node
[2022-03-09T22:33:41,440][INFO ][o.e.c.r.a.DiskThresholdMonitor] [otHf-nP] low disk watermark [85%] exceeded on [otHf-nPeSUuRSlRS97315g][otHf-nP][C:\ws-estudos\alura-curso-elk-2\curso-elk-parte2\elasticsearch-5.2.0\data\nodes\0] free: 66.1gb[14.8%], replicas will not be assigned to this node
[2022-03-09T22:34:11,453][INFO ][o.e.c.r.a.DiskThresholdMonitor] [otHf-nP] low disk watermark [85%] exceeded on [otHf-nPeSUuRSlRS97315g][otHf-nP][C:\ws-estudos\alura-curso-elk-2\curso-elk-parte2\elasticsearch-5.2.0\data\nodes\0] free: 66.1gb[14.8%], replicas will not be assigned to this node
[2022-03-09T22:34:41,460][INFO ][o.e.c.r.a.DiskThresholdMonitor] [otHf-nP] low disk watermark [85%] exceeded on [otHf-nPeSUuRSlRS97315g][otHf-nP][C:\ws-estudos\alura-curso-elk-2\curso-elk-parte2\elasticsearch-5.2.0\data\nodes\0] free: 66.1gb[14.8%], replicas will not be assigned to this node
[2022-03-09T22:35:11,475][INFO ][o.e.c.r.a.DiskThresholdMonitor] [otHf-nP] low disk watermark [85%] exceeded on [otHf-nPeSUuRSlRS97315g][otHf-nP][C:\ws-estudos\alura-curso-elk-2\curso-elk-parte2\elasticsearch-5.2.0\data\nodes\0] free: 66.1gb[14.8%], replicas will not be assigned to this node
[2022-03-09T22:35:41,494][INFO ][o.e.c.r.a.DiskThresholdMonitor] [otHf-nP] low disk watermark [85%] exceeded on [otHf-nPeSUuRSlRS97315g][otHf-nP][C:\ws-estudos\alura-curso-elk-2\curso-elk-parte2\elasticsearch-5.2.0\data\nodes\0] free: 66.1gb[14.8%], replicas will not be assigned to this node
[2022-03-09T22:36:11,508][INFO ][o.e.c.r.a.DiskThresholdMonitor] [otHf-nP] low disk watermark [85%] exceeded on [otHf-nPeSUuRSlRS97315g][otHf-nP][C:\ws-estudos\alura-curso-elk-2\curso-elk-parte2\elasticsearch-5.2.0\data\nodes\0] free: 66.1gb[14.8%], replicas will not be assigned to this node
[2022-03-09T22:36:41,530][INFO ][o.e.c.r.a.DiskThresholdMonitor] [otHf-nP] low disk watermark [85%] exceeded on [otHf-nPeSUuRSlRS97315g][otHf-nP][C:\ws-estudos\alura-curso-elk-2\curso-elk-parte2\elasticsearch-5.2.0\data\nodes\0] free: 66.1gb[14.8%], replicas will not be assigned to this node
[2022-03-09T22:37:11,551][INFO ][o.e.c.r.a.DiskThresholdMonitor] [otHf-nP] low disk watermark [85%] exceeded on [otHf-nPeSUuRSlRS97315g][otHf-nP][C:\ws-estudos\alura-curso-elk-2\curso-elk-parte2\elasticsearch-5.2.0\data\nodes\0] free: 66.1gb[14.8%], replicas will not be assigned to this node
[2022-03-09T22:37:41,566][INFO ][o.e.c.r.a.DiskThresholdMonitor] [otHf-nP] low disk watermark [85%] exceeded on [otHf-nPeSUuRSlRS97315g][otHf-nP][C:\ws-estudos\alura-curso-elk-2\curso-elk-parte2\elasticsearch-5.2.0\data\nodes\0] free: 66.1gb[14.8%], replicas will not be assigned to this node
[2022-03-09T22:38:11,577][INFO ][o.e.c.r.a.DiskThresholdMonitor] [otHf-nP] low disk watermark [85%] exceeded on [otHf-nPeSUuRSlRS97315g][otHf-nP][C:\ws-estudos\alura-curso-elk-2\curso-elk-parte2\elasticsearch-5.2.0\data\nodes\0] free: 66.1gb[14.8%], replicas will not be assigned to this node
[2022-03-09T22:38:41,588][INFO ][o.e.c.r.a.DiskThresholdMonitor] [otHf-nP] low disk watermark [85%] exceeded on [otHf-nPeSUuRSlRS97315g][otHf-nP][C:\ws-estudos\alura-curso-elk-2\curso-elk-parte2\elasticsearch-5.2.0\data\nodes\0] free: 66.1gb[14.8%], replicas will not be assigned to this node
[2022-03-09T22:39:11,596][INFO ][o.e.c.r.a.DiskThresholdMonitor] [otHf-nP] low disk watermark [85%] exceeded on [otHf-nPeSUuRSlRS97315g][otHf-nP][C:\ws-estudos\alura-curso-elk-2\curso-elk-parte2\elasticsearch-5.2.0\data\nodes\0] free: 66.1gb[14.8%], replicas will not be assigned to this node
[2022-03-09T22:39:30,003][INFO ][o.e.c.m.MetaDataUpdateSettingsService] [otHf-nP] updating number_of_replicas to [0] for indices [.kibana]
[2022-03-09T22:39:41,604][INFO ][o.e.c.r.a.DiskThresholdMonitor] [otHf-nP] low disk watermark [85%] exceeded on [otHf-nPeSUuRSlRS97315g][otHf-nP][C:\ws-estudos\alura-curso-elk-2\curso-elk-parte2\elasticsearch-5.2.0\data\nodes\0] free: 66.1gb[14.8%], replicas will not be assigned to this node
[2022-03-09T22:40:11,626][INFO ][o.e.c.r.a.DiskThresholdMonitor] [otHf-nP] low disk watermark [85%] exceeded on [otHf-nPeSUuRSlRS97315g][otHf-nP][C:\ws-estudos\alura-curso-elk-2\curso-elk-parte2\elasticsearch-5.2.0\data\nodes\0] free: 66.1gb[14.8%], replicas will not be assigned to this node
[2022-03-09T22:40:41,635][INFO ][o.e.c.r.a.DiskThresholdMonitor] [otHf-nP] low disk watermark [85%] exceeded on [otHf-nPeSUuRSlRS97315g][otHf-nP][C:\ws-estudos\alura-curso-elk-2\curso-elk-parte2\elasticsearch-5.2.0\data\nodes\0] free: 66.1gb[14.8%], replicas will not be assigned to this node
[2022-03-09T22:41:11,647][INFO ][o.e.c.r.a.DiskThresholdMonitor] [otHf-nP] low disk watermark [85%] exceeded on [otHf-nPeSUuRSlRS97315g][otHf-nP][C:\ws-estudos\alura-curso-elk-2\curso-elk-parte2\elasticsearch-5.2.0\data\nodes\0] free: 66.1gb[14.8%], replicas will not be assigned to this node
[2022-03-09T22:41:41,666][INFO ][o.e.c.r.a.DiskThresholdMonitor] [otHf-nP] low disk watermark [85%] exceeded on [otHf-nPeSUuRSlRS97315g][otHf-nP][C:\ws-estudos\alura-curso-elk-2\curso-elk-parte2\elasticsearch-5.2.0\data\nodes\0] free: 66.1gb[14.8%], replicas will not be assigned to this node
[2022-03-09T22:42:11,675][INFO ][o.e.c.r.a.DiskThresholdMonitor] [otHf-nP] low disk watermark [85%] exceeded on [otHf-nPeSUuRSlRS97315g][otHf-nP][C:\ws-estudos\alura-curso-elk-2\curso-elk-parte2\elasticsearch-5.2.0\data\nodes\0] free: 66.1gb[14.8%], replicas will not be assigned to this node
[2022-03-09T22:42:41,683][INFO ][o.e.c.r.a.DiskThresholdMonitor] [otHf-nP] low disk watermark [85%] exceeded on [otHf-nPeSUuRSlRS97315g][otHf-nP][C:\ws-estudos\alura-curso-elk-2\curso-elk-parte2\elasticsearch-5.2.0\data\nodes\0] free: 66.1gb[14.8%], replicas will not be assigned to this node
[2022-03-09T22:43:11,702][INFO ][o.e.c.r.a.DiskThresholdMonitor] [otHf-nP] low disk watermark [85%] exceeded on [otHf-nPeSUuRSlRS97315g][otHf-nP][C:\ws-estudos\alura-curso-elk-2\curso-elk-parte2\elasticsearch-5.2.0\data\nodes\0] free: 66.1gb[14.8%], replicas will not be assigned to this node
[2022-03-09T22:43:41,712][INFO ][o.e.c.r.a.DiskThresholdMonitor] [otHf-nP] low disk watermark [85%] exceeded on [otHf-nPeSUuRSlRS97315g][otHf-nP][C:\ws-estudos\alura-curso-elk-2\curso-elk-parte2\elasticsearch-5.2.0\data\nodes\0] free: 66.1gb[14.8%], replicas will not be assigned to this node
[2022-03-09T22:44:11,728][INFO ][o.e.c.r.a.DiskThresholdMonitor] [otHf-nP] low disk watermark [85%] exceeded on [otHf-nPeSUuRSlRS97315g][otHf-nP][C:\ws-estudos\alura-curso-elk-2\curso-elk-parte2\elasticsearch-5.2.0\data\nodes\0] free: 66.1gb[14.8%], replicas will not be assigned to this node
[2022-03-09T22:44:41,750][INFO ][o.e.c.r.a.DiskThresholdMonitor] [otHf-nP] low disk watermark [85%] exceeded on [otHf-nPeSUuRSlRS97315g][otHf-nP][C:\ws-estudos\alura-curso-elk-2\curso-elk-parte2\elasticsearch-5.2.0\data\nodes\0] free: 66.1gb[14.8%], replicas will not be assigned to this node
[2022-03-09T22:45:11,761][INFO ][o.e.c.r.a.DiskThresholdMonitor] [otHf-nP] low disk watermark [85%] exceeded on [otHf-nPeSUuRSlRS97315g][otHf-nP][C:\ws-estudos\alura-curso-elk-2\curso-elk-parte2\elasticsearch-5.2.0\data\nodes\0] free: 66.1gb[14.8%], replicas will not be assigned to this node
[2022-03-09T22:45:41,764][INFO ][o.e.c.r.a.DiskThresholdMonitor] [otHf-nP] low disk watermark [85%] exceeded on [otHf-nPeSUuRSlRS97315g][otHf-nP][C:\ws-estudos\alura-curso-elk-2\curso-elk-parte2\elasticsearch-5.2.0\data\nodes\0] free: 66.1gb[14.8%], replicas will not be assigned to this node
[2022-03-09T22:46:11,775][INFO ][o.e.c.r.a.DiskThresholdMonitor] [otHf-nP] low disk watermark [85%] exceeded on [otHf-nPeSUuRSlRS97315g][otHf-nP][C:\ws-estudos\alura-curso-elk-2\curso-elk-parte2\elasticsearch-5.2.0\data\nodes\0] free: 66.1gb[14.8%], replicas will not be assigned to this node
[2022-03-09T22:46:41,778][INFO ][o.e.c.r.a.DiskThresholdMonitor] [otHf-nP] low disk watermark [85%] exceeded on [otHf-nPeSUuRSlRS97315g][otHf-nP][C:\ws-estudos\alura-curso-elk-2\curso-elk-parte2\elasticsearch-5.2.0\data\nodes\0] free: 66.1gb[14.8%], replicas will not be assigned to this node
[2022-03-09T22:47:11,793][INFO ][o.e.c.r.a.DiskThresholdMonitor] [otHf-nP] low disk watermark [85%] exceeded on [otHf-nPeSUuRSlRS97315g][otHf-nP][C:\ws-estudos\alura-curso-elk-2\curso-elk-parte2\elasticsearch-5.2.0\data\nodes\0] free: 66.1gb[14.8%], replicas will not be assigned to this node
[2022-03-09T22:47:41,801][INFO ][o.e.c.r.a.DiskThresholdMonitor] [otHf-nP] low disk watermark [85%] exceeded on [otHf-nPeSUuRSlRS97315g][otHf-nP][C:\ws-estudos\alura-curso-elk-2\curso-elk-parte2\elasticsearch-5.2.0\data\nodes\0] free: 66.1gb[14.8%], replicas will not be assigned to this node
[2022-03-09T22:48:11,811][INFO ][o.e.c.r.a.DiskThresholdMonitor] [otHf-nP] low disk watermark [85%] exceeded on [otHf-nPeSUuRSlRS97315g][otHf-nP][C:\ws-estudos\alura-curso-elk-2\curso-elk-parte2\elasticsearch-5.2.0\data\nodes\0] free: 66.1gb[14.8%], replicas will not be assigned to this node
[2022-03-09T22:48:41,826][INFO ][o.e.c.r.a.DiskThresholdMonitor] [otHf-nP] low disk watermark [85%] exceeded on [otHf-nPeSUuRSlRS97315g][otHf-nP][C:\ws-estudos\alura-curso-elk-2\curso-elk-parte2\elasticsearch-5.2.0\data\nodes\0] free: 66.1gb[14.8%], replicas will not be assigned to this node
[2022-03-09T22:49:11,837][INFO ][o.e.c.r.a.DiskThresholdMonitor] [otHf-nP] low disk watermark [85%] exceeded on [otHf-nPeSUuRSlRS97315g][otHf-nP][C:\ws-estudos\alura-curso-elk-2\curso-elk-parte2\elasticsearch-5.2.0\data\nodes\0] free: 66.1gb[14.8%], replicas will not be assigned to this node
[2022-03-09T22:49:41,852][INFO ][o.e.c.r.a.DiskThresholdMonitor] [otHf-nP] low disk watermark [85%] exceeded on [otHf-nPeSUuRSlRS97315g][otHf-nP][C:\ws-estudos\alura-curso-elk-2\curso-elk-parte2\elasticsearch-5.2.0\data\nodes\0] free: 66.1gb[14.8%], replicas will not be assigned to this node
[2022-03-09T22:50:11,872][INFO ][o.e.c.r.a.DiskThresholdMonitor] [otHf-nP] low disk watermark [85%] exceeded on [otHf-nPeSUuRSlRS97315g][otHf-nP][C:\ws-estudos\alura-curso-elk-2\curso-elk-parte2\elasticsearch-5.2.0\data\nodes\0] free: 66.1gb[14.8%], replicas will not be assigned to this node
[2022-03-09T22:50:41,892][INFO ][o.e.c.r.a.DiskThresholdMonitor] [otHf-nP] low disk watermark [85%] exceeded on [otHf-nPeSUuRSlRS97315g][otHf-nP][C:\ws-estudos\alura-curso-elk-2\curso-elk-parte2\elasticsearch-5.2.0\data\nodes\0] free: 66.1gb[14.8%], replicas will not be assigned to this node
[2022-03-09T22:51:11,909][INFO ][o.e.c.r.a.DiskThresholdMonitor] [otHf-nP] low disk watermark [85%] exceeded on [otHf-nPeSUuRSlRS97315g][otHf-nP][C:\ws-estudos\alura-curso-elk-2\curso-elk-parte2\elasticsearch-5.2.0\data\nodes\0] free: 66.1gb[14.8%], replicas will not be assigned to this node
[2022-03-09T22:51:41,920][INFO ][o.e.c.r.a.DiskThresholdMonitor] [otHf-nP] low disk watermark [85%] exceeded on [otHf-nPeSUuRSlRS97315g][otHf-nP][C:\ws-estudos\alura-curso-elk-2\curso-elk-parte2\elasticsearch-5.2.0\data\nodes\0] free: 66.1gb[14.8%], replicas will not be assigned to this node
[2022-03-09T22:52:11,935][INFO ][o.e.c.r.a.DiskThresholdMonitor] [otHf-nP] low disk watermark [85%] exceeded on [otHf-nPeSUuRSlRS97315g][otHf-nP][C:\ws-estudos\alura-curso-elk-2\curso-elk-parte2\elasticsearch-5.2.0\data\nodes\0] free: 66.1gb[14.8%], replicas will not be assigned to this node
[2022-03-09T22:52:41,951][INFO ][o.e.c.r.a.DiskThresholdMonitor] [otHf-nP] low disk watermark [85%] exceeded on [otHf-nPeSUuRSlRS97315g][otHf-nP][C:\ws-estudos\alura-curso-elk-2\curso-elk-parte2\elasticsearch-5.2.0\data\nodes\0] free: 66.1gb[14.8%], replicas will not be assigned to this node
[2022-03-09T22:53:11,964][INFO ][o.e.c.r.a.DiskThresholdMonitor] [otHf-nP] low disk watermark [85%] exceeded on [otHf-nPeSUuRSlRS97315g][otHf-nP][C:\ws-estudos\alura-curso-elk-2\curso-elk-parte2\elasticsearch-5.2.0\data\nodes\0] free: 66.1gb[14.8%], replicas will not be assigned to this node
[2022-03-09T22:53:41,978][INFO ][o.e.c.r.a.DiskThresholdMonitor] [otHf-nP] low disk watermark [85%] exceeded on [otHf-nPeSUuRSlRS97315g][otHf-nP][C:\ws-estudos\alura-curso-elk-2\curso-elk-parte2\elasticsearch-5.2.0\data\nodes\0] free: 66.1gb[14.8%], replicas will not be assigned to this node
[2022-03-09T22:54:11,987][INFO ][o.e.c.r.a.DiskThresholdMonitor] [otHf-nP] low disk watermark [85%] exceeded on [otHf-nPeSUuRSlRS97315g][otHf-nP][C:\ws-estudos\alura-curso-elk-2\curso-elk-parte2\elasticsearch-5.2.0\data\nodes\0] free: 66.1gb[14.8%], replicas will not be assigned to this node
[2022-03-09T22:54:42,002][INFO ][o.e.c.r.a.DiskThresholdMonitor] [otHf-nP] low disk watermark [85%] exceeded on [otHf-nPeSUuRSlRS97315g][otHf-nP][C:\ws-estudos\alura-curso-elk-2\curso-elk-parte2\elasticsearch-5.2.0\data\nodes\0] free: 66.1gb[14.8%], replicas will not be assigned to this node
[2022-03-09T22:55:12,022][INFO ][o.e.c.r.a.DiskThresholdMonitor] [otHf-nP] low disk watermark [85%] exceeded on [otHf-nPeSUuRSlRS97315g][otHf-nP][C:\ws-estudos\alura-curso-elk-2\curso-elk-parte2\elasticsearch-5.2.0\data\nodes\0] free: 66.1gb[14.8%], replicas will not be assigned to this node
[2022-03-09T22:55:42,031][INFO ][o.e.c.r.a.DiskThresholdMonitor] [otHf-nP] low disk watermark [85%] exceeded on [otHf-nPeSUuRSlRS97315g][otHf-nP][C:\ws-estudos\alura-curso-elk-2\curso-elk-parte2\elasticsearch-5.2.0\data\nodes\0] free: 66.1gb[14.8%], replicas will not be assigned to this node
[2022-03-09T22:56:12,042][INFO ][o.e.c.r.a.DiskThresholdMonitor] [otHf-nP] low disk watermark [85%] exceeded on [otHf-nPeSUuRSlRS97315g][otHf-nP][C:\ws-estudos\alura-curso-elk-2\curso-elk-parte2\elasticsearch-5.2.0\data\nodes\0] free: 66.1gb[14.8%], replicas will not be assigned to this node
[2022-03-09T22:56:42,058][INFO ][o.e.c.r.a.DiskThresholdMonitor] [otHf-nP] low disk watermark [85%] exceeded on [otHf-nPeSUuRSlRS97315g][otHf-nP][C:\ws-estudos\alura-curso-elk-2\curso-elk-parte2\elasticsearch-5.2.0\data\nodes\0] free: 66.1gb[14.8%], replicas will not be assigned to this node
[2022-03-09T22:57:12,069][INFO ][o.e.c.r.a.DiskThresholdMonitor] [otHf-nP] low disk watermark [85%] exceeded on [otHf-nPeSUuRSlRS97315g][otHf-nP][C:\ws-estudos\alura-curso-elk-2\curso-elk-parte2\elasticsearch-5.2.0\data\nodes\0] free: 66.1gb[14.8%], replicas will not be assigned to this node
[2022-03-09T22:57:42,077][INFO ][o.e.c.r.a.DiskThresholdMonitor] [otHf-nP] low disk watermark [85%] exceeded on [otHf-nPeSUuRSlRS97315g][otHf-nP][C:\ws-estudos\alura-curso-elk-2\curso-elk-parte2\elasticsearch-5.2.0\data\nodes\0] free: 66.1gb[14.8%], replicas will not be assigned to this node
[2022-03-09T22:58:12,084][INFO ][o.e.c.r.a.DiskThresholdMonitor] [otHf-nP] low disk watermark [85%] exceeded on [otHf-nPeSUuRSlRS97315g][otHf-nP][C:\ws-estudos\alura-curso-elk-2\curso-elk-parte2\elasticsearch-5.2.0\data\nodes\0] free: 66.1gb[14.8%], replicas will not be assigned to this node
[2022-03-09T22:58:42,101][INFO ][o.e.c.r.a.DiskThresholdMonitor] [otHf-nP] low disk watermark [85%] exceeded on [otHf-nPeSUuRSlRS97315g][otHf-nP][C:\ws-estudos\alura-curso-elk-2\curso-elk-parte2\elasticsearch-5.2.0\data\nodes\0] free: 66.1gb[14.8%], replicas will not be assigned to this node
[2022-03-09T22:59:12,119][INFO ][o.e.c.r.a.DiskThresholdMonitor] [otHf-nP] low disk watermark [85%] exceeded on [otHf-nPeSUuRSlRS97315g][otHf-nP][C:\ws-estudos\alura-curso-elk-2\curso-elk-parte2\elasticsearch-5.2.0\data\nodes\0] free: 66.1gb[14.8%], replicas will not be assigned to this node
[2022-03-09T22:59:42,129][INFO ][o.e.c.r.a.DiskThresholdMonitor] [otHf-nP] low disk watermark [85%] exceeded on [otHf-nPeSUuRSlRS97315g][otHf-nP][C:\ws-estudos\alura-curso-elk-2\curso-elk-parte2\elasticsearch-5.2.0\data\nodes\0] free: 66.1gb[14.8%], replicas will not be assigned to this node
[2022-03-09T23:00:12,133][INFO ][o.e.c.r.a.DiskThresholdMonitor] [otHf-nP] low disk watermark [85%] exceeded on [otHf-nPeSUuRSlRS97315g][otHf-nP][C:\ws-estudos\alura-curso-elk-2\curso-elk-parte2\elasticsearch-5.2.0\data\nodes\0] free: 66.1gb[14.8%], replicas will not be assigned to this node
[2022-03-09T23:00:42,138][INFO ][o.e.c.r.a.DiskThresholdMonitor] [otHf-nP] low disk watermark [85%] exceeded on [otHf-nPeSUuRSlRS97315g][otHf-nP][C:\ws-estudos\alura-curso-elk-2\curso-elk-parte2\elasticsearch-5.2.0\data\nodes\0] free: 66.1gb[14.8%], replicas will not be assigned to this node
[2022-03-09T23:01:12,152][INFO ][o.e.c.r.a.DiskThresholdMonitor] [otHf-nP] low disk watermark [85%] exceeded on [otHf-nPeSUuRSlRS97315g][otHf-nP][C:\ws-estudos\alura-curso-elk-2\curso-elk-parte2\elasticsearch-5.2.0\data\nodes\0] free: 66.1gb[14.8%], replicas will not be assigned to this node
[2022-03-09T23:01:42,166][INFO ][o.e.c.r.a.DiskThresholdMonitor] [otHf-nP] low disk watermark [85%] exceeded on [otHf-nPeSUuRSlRS97315g][otHf-nP][C:\ws-estudos\alura-curso-elk-2\curso-elk-parte2\elasticsearch-5.2.0\data\nodes\0] free: 66.1gb[14.8%], replicas will not be assigned to this node
[2022-03-09T23:02:12,177][INFO ][o.e.c.r.a.DiskThresholdMonitor] [otHf-nP] low disk watermark [85%] exceeded on [otHf-nPeSUuRSlRS97315g][otHf-nP][C:\ws-estudos\alura-curso-elk-2\curso-elk-parte2\elasticsearch-5.2.0\data\nodes\0] free: 66.1gb[14.8%], replicas will not be assigned to this node
[2022-03-09T23:02:42,197][INFO ][o.e.c.r.a.DiskThresholdMonitor] [otHf-nP] low disk watermark [85%] exceeded on [otHf-nPeSUuRSlRS97315g][otHf-nP][C:\ws-estudos\alura-curso-elk-2\curso-elk-parte2\elasticsearch-5.2.0\data\nodes\0] free: 66.1gb[14.8%], replicas will not be assigned to this node
[2022-03-09T23:03:12,217][INFO ][o.e.c.r.a.DiskThresholdMonitor] [otHf-nP] low disk watermark [85%] exceeded on [otHf-nPeSUuRSlRS97315g][otHf-nP][C:\ws-estudos\alura-curso-elk-2\curso-elk-parte2\elasticsearch-5.2.0\data\nodes\0] free: 66.1gb[14.8%], replicas will not be assigned to this node
[2022-03-09T23:03:42,236][INFO ][o.e.c.r.a.DiskThresholdMonitor] [otHf-nP] low disk watermark [85%] exceeded on [otHf-nPeSUuRSlRS97315g][otHf-nP][C:\ws-estudos\alura-curso-elk-2\curso-elk-parte2\elasticsearch-5.2.0\data\nodes\0] free: 66.1gb[14.8%], replicas will not be assigned to this node
[2022-03-09T23:04:12,255][INFO ][o.e.c.r.a.DiskThresholdMonitor] [otHf-nP] low disk watermark [85%] exceeded on [otHf-nPeSUuRSlRS97315g][otHf-nP][C:\ws-estudos\alura-curso-elk-2\curso-elk-parte2\elasticsearch-5.2.0\data\nodes\0] free: 66.1gb[14.8%], replicas will not be assigned to this node
[2022-03-09T23:04:42,276][INFO ][o.e.c.r.a.DiskThresholdMonitor] [otHf-nP] low disk watermark [85%] exceeded on [otHf-nPeSUuRSlRS97315g][otHf-nP][C:\ws-estudos\alura-curso-elk-2\curso-elk-parte2\elasticsearch-5.2.0\data\nodes\0] free: 66.1gb[14.8%], replicas will not be assigned to this node
[2022-03-09T23:05:12,287][INFO ][o.e.c.r.a.DiskThresholdMonitor] [otHf-nP] low disk watermark [85%] exceeded on [otHf-nPeSUuRSlRS97315g][otHf-nP][C:\ws-estudos\alura-curso-elk-2\curso-elk-parte2\elasticsearch-5.2.0\data\nodes\0] free: 66.1gb[14.8%], replicas will not be assigned to this node
[2022-03-09T23:05:42,304][INFO ][o.e.c.r.a.DiskThresholdMonitor] [otHf-nP] low disk watermark [85%] exceeded on [otHf-nPeSUuRSlRS97315g][otHf-nP][C:\ws-estudos\alura-curso-elk-2\curso-elk-parte2\elasticsearch-5.2.0\data\nodes\0] free: 66.1gb[14.8%], replicas will not be assigned to this node
[2022-03-09T23:06:12,318][INFO ][o.e.c.r.a.DiskThresholdMonitor] [otHf-nP] low disk watermark [85%] exceeded on [otHf-nPeSUuRSlRS97315g][otHf-nP][C:\ws-estudos\alura-curso-elk-2\curso-elk-parte2\elasticsearch-5.2.0\data\nodes\0] free: 66.1gb[14.8%], replicas will not be assigned to this node
[2022-03-09T23:06:42,340][INFO ][o.e.c.r.a.DiskThresholdMonitor] [otHf-nP] low disk watermark [85%] exceeded on [otHf-nPeSUuRSlRS97315g][otHf-nP][C:\ws-estudos\alura-curso-elk-2\curso-elk-parte2\elasticsearch-5.2.0\data\nodes\0] free: 66.1gb[14.8%], replicas will not be assigned to this node
[2022-03-09T23:07:12,363][INFO ][o.e.c.r.a.DiskThresholdMonitor] [otHf-nP] low disk watermark [85%] exceeded on [otHf-nPeSUuRSlRS97315g][otHf-nP][C:\ws-estudos\alura-curso-elk-2\curso-elk-parte2\elasticsearch-5.2.0\data\nodes\0] free: 66.1gb[14.8%], replicas will not be assigned to this node
[2022-03-09T23:07:42,375][INFO ][o.e.c.r.a.DiskThresholdMonitor] [otHf-nP] low disk watermark [85%] exceeded on [otHf-nPeSUuRSlRS97315g][otHf-nP][C:\ws-estudos\alura-curso-elk-2\curso-elk-parte2\elasticsearch-5.2.0\data\nodes\0] free: 66.1gb[14.8%], replicas will not be assigned to this node
[2022-03-09T23:08:12,386][INFO ][o.e.c.r.a.DiskThresholdMonitor] [otHf-nP] low disk watermark [85%] exceeded on [otHf-nPeSUuRSlRS97315g][otHf-nP][C:\ws-estudos\alura-curso-elk-2\curso-elk-parte2\elasticsearch-5.2.0\data\nodes\0] free: 66.1gb[14.8%], replicas will not be assigned to this node
[2022-03-09T23:08:42,398][INFO ][o.e.c.r.a.DiskThresholdMonitor] [otHf-nP] low disk watermark [85%] exceeded on [otHf-nPeSUuRSlRS97315g][otHf-nP][C:\ws-estudos\alura-curso-elk-2\curso-elk-parte2\elasticsearch-5.2.0\data\nodes\0] free: 66.1gb[14.8%], replicas will not be assigned to this node
[2022-03-09T23:09:12,416][INFO ][o.e.c.r.a.DiskThresholdMonitor] [otHf-nP] low disk watermark [85%] exceeded on [otHf-nPeSUuRSlRS97315g][otHf-nP][C:\ws-estudos\alura-curso-elk-2\curso-elk-parte2\elasticsearch-5.2.0\data\nodes\0] free: 66.1gb[14.8%], replicas will not be assigned to this node
[2022-03-09T23:09:42,425][INFO ][o.e.c.r.a.DiskThresholdMonitor] [otHf-nP] low disk watermark [85%] exceeded on [otHf-nPeSUuRSlRS97315g][otHf-nP][C:\ws-estudos\alura-curso-elk-2\curso-elk-parte2\elasticsearch-5.2.0\data\nodes\0] free: 66.1gb[14.8%], replicas will not be assigned to this node
[2022-03-09T23:10:12,445][INFO ][o.e.c.r.a.DiskThresholdMonitor] [otHf-nP] low disk watermark [85%] exceeded on [otHf-nPeSUuRSlRS97315g][otHf-nP][C:\ws-estudos\alura-curso-elk-2\curso-elk-parte2\elasticsearch-5.2.0\data\nodes\0] free: 66.1gb[14.8%], replicas will not be assigned to this node
[2022-03-09T23:10:42,458][INFO ][o.e.c.r.a.DiskThresholdMonitor] [otHf-nP] low disk watermark [85%] exceeded on [otHf-nPeSUuRSlRS97315g][otHf-nP][C:\ws-estudos\alura-curso-elk-2\curso-elk-parte2\elasticsearch-5.2.0\data\nodes\0] free: 66.1gb[14.8%], replicas will not be assigned to this node
[2022-03-09T23:11:12,476][INFO ][o.e.c.r.a.DiskThresholdMonitor] [otHf-nP] low disk watermark [85%] exceeded on [otHf-nPeSUuRSlRS97315g][otHf-nP][C:\ws-estudos\alura-curso-elk-2\curso-elk-parte2\elasticsearch-5.2.0\data\nodes\0] free: 66.1gb[14.8%], replicas will not be assigned to this node
[2022-03-09T23:11:42,495][INFO ][o.e.c.r.a.DiskThresholdMonitor] [otHf-nP] low disk watermark [85%] exceeded on [otHf-nPeSUuRSlRS97315g][otHf-nP][C:\ws-estudos\alura-curso-elk-2\curso-elk-parte2\elasticsearch-5.2.0\data\nodes\0] free: 66.1gb[14.8%], replicas will not be assigned to this node
[2022-03-09T23:12:12,503][INFO ][o.e.c.r.a.DiskThresholdMonitor] [otHf-nP] low disk watermark [85%] exceeded on [otHf-nPeSUuRSlRS97315g][otHf-nP][C:\ws-estudos\alura-curso-elk-2\curso-elk-parte2\elasticsearch-5.2.0\data\nodes\0] free: 66.1gb[14.8%], replicas will not be assigned to this node
[2022-03-09T23:12:42,511][INFO ][o.e.c.r.a.DiskThresholdMonitor] [otHf-nP] low disk watermark [85%] exceeded on [otHf-nPeSUuRSlRS97315g][otHf-nP][C:\ws-estudos\alura-curso-elk-2\curso-elk-parte2\elasticsearch-5.2.0\data\nodes\0] free: 66.1gb[14.8%], replicas will not be assigned to this node
[2022-03-09T23:13:12,524][INFO ][o.e.c.r.a.DiskThresholdMonitor] [otHf-nP] low disk watermark [85%] exceeded on [otHf-nPeSUuRSlRS97315g][otHf-nP][C:\ws-estudos\alura-curso-elk-2\curso-elk-parte2\elasticsearch-5.2.0\data\nodes\0] free: 66.1gb[14.8%], replicas will not be assigned to this node
[2022-03-09T23:13:42,532][INFO ][o.e.c.r.a.DiskThresholdMonitor] [otHf-nP] low disk watermark [85%] exceeded on [otHf-nPeSUuRSlRS97315g][otHf-nP][C:\ws-estudos\alura-curso-elk-2\curso-elk-parte2\elasticsearch-5.2.0\data\nodes\0] free: 66.1gb[14.8%], replicas will not be assigned to this node
[2022-03-09T23:14:12,547][INFO ][o.e.c.r.a.DiskThresholdMonitor] [otHf-nP] low disk watermark [85%] exceeded on [otHf-nPeSUuRSlRS97315g][otHf-nP][C:\ws-estudos\alura-curso-elk-2\curso-elk-parte2\elasticsearch-5.2.0\data\nodes\0] free: 66.1gb[14.8%], replicas will not be assigned to this node
[2022-03-09T23:14:42,557][INFO ][o.e.c.r.a.DiskThresholdMonitor] [otHf-nP] low disk watermark [85%] exceeded on [otHf-nPeSUuRSlRS97315g][otHf-nP][C:\ws-estudos\alura-curso-elk-2\curso-elk-parte2\elasticsearch-5.2.0\data\nodes\0] free: 66.1gb[14.8%], replicas will not be assigned to this node
[2022-03-09T23:15:12,569][INFO ][o.e.c.r.a.DiskThresholdMonitor] [otHf-nP] low disk watermark [85%] exceeded on [otHf-nPeSUuRSlRS97315g][otHf-nP][C:\ws-estudos\alura-curso-elk-2\curso-elk-parte2\elasticsearch-5.2.0\data\nodes\0] free: 66.1gb[14.8%], replicas will not be assigned to this node
[2022-03-09T23:15:42,584][INFO ][o.e.c.r.a.DiskThresholdMonitor] [otHf-nP] low disk watermark [85%] exceeded on [otHf-nPeSUuRSlRS97315g][otHf-nP][C:\ws-estudos\alura-curso-elk-2\curso-elk-parte2\elasticsearch-5.2.0\data\nodes\0] free: 66.1gb[14.8%], replicas will not be assigned to this node
[2022-03-09T23:16:12,604][INFO ][o.e.c.r.a.DiskThresholdMonitor] [otHf-nP] low disk watermark [85%] exceeded on [otHf-nPeSUuRSlRS97315g][otHf-nP][C:\ws-estudos\alura-curso-elk-2\curso-elk-parte2\elasticsearch-5.2.0\data\nodes\0] free: 66.1gb[14.8%], replicas will not be assigned to this node
[2022-03-09T23:16:42,621][INFO ][o.e.c.r.a.DiskThresholdMonitor] [otHf-nP] low disk watermark [85%] exceeded on [otHf-nPeSUuRSlRS97315g][otHf-nP][C:\ws-estudos\alura-curso-elk-2\curso-elk-parte2\elasticsearch-5.2.0\data\nodes\0] free: 66.1gb[14.8%], replicas will not be assigned to this node
[2022-03-09T23:17:12,631][INFO ][o.e.c.r.a.DiskThresholdMonitor] [otHf-nP] low disk watermark [85%] exceeded on [otHf-nPeSUuRSlRS97315g][otHf-nP][C:\ws-estudos\alura-curso-elk-2\curso-elk-parte2\elasticsearch-5.2.0\data\nodes\0] free: 66.1gb[14.8%], replicas will not be assigned to this node
[2022-03-09T23:17:42,640][INFO ][o.e.c.r.a.DiskThresholdMonitor] [otHf-nP] low disk watermark [85%] exceeded on [otHf-nPeSUuRSlRS97315g][otHf-nP][C:\ws-estudos\alura-curso-elk-2\curso-elk-parte2\elasticsearch-5.2.0\data\nodes\0] free: 66.1gb[14.8%], replicas will not be assigned to this node
[2022-03-09T23:18:12,648][INFO ][o.e.c.r.a.DiskThresholdMonitor] [otHf-nP] low disk watermark [85%] exceeded on [otHf-nPeSUuRSlRS97315g][otHf-nP][C:\ws-estudos\alura-curso-elk-2\curso-elk-parte2\elasticsearch-5.2.0\data\nodes\0] free: 66.1gb[14.8%], replicas will not be assigned to this node
[2022-03-09T23:18:42,650][INFO ][o.e.c.r.a.DiskThresholdMonitor] [otHf-nP] low disk watermark [85%] exceeded on [otHf-nPeSUuRSlRS97315g][otHf-nP][C:\ws-estudos\alura-curso-elk-2\curso-elk-parte2\elasticsearch-5.2.0\data\nodes\0] free: 66.1gb[14.8%], replicas will not be assigned to this node
[2022-03-09T23:19:12,659][INFO ][o.e.c.r.a.DiskThresholdMonitor] [otHf-nP] low disk watermark [85%] exceeded on [otHf-nPeSUuRSlRS97315g][otHf-nP][C:\ws-estudos\alura-curso-elk-2\curso-elk-parte2\elasticsearch-5.2.0\data\nodes\0] free: 66.1gb[14.8%], replicas will not be assigned to this node
[2022-03-09T23:19:42,674][INFO ][o.e.c.r.a.DiskThresholdMonitor] [otHf-nP] low disk watermark [85%] exceeded on [otHf-nPeSUuRSlRS97315g][otHf-nP][C:\ws-estudos\alura-curso-elk-2\curso-elk-parte2\elasticsearch-5.2.0\data\nodes\0] free: 66.1gb[14.8%], replicas will not be assigned to this node
[2022-03-09T23:20:12,694][INFO ][o.e.c.r.a.DiskThresholdMonitor] [otHf-nP] low disk watermark [85%] exceeded on [otHf-nPeSUuRSlRS97315g][otHf-nP][C:\ws-estudos\alura-curso-elk-2\curso-elk-parte2\elasticsearch-5.2.0\data\nodes\0] free: 66.1gb[14.8%], replicas will not be assigned to this node
[2022-03-09T23:20:42,712][INFO ][o.e.c.r.a.DiskThresholdMonitor] [otHf-nP] low disk watermark [85%] exceeded on [otHf-nPeSUuRSlRS97315g][otHf-nP][C:\ws-estudos\alura-curso-elk-2\curso-elk-parte2\elasticsearch-5.2.0\data\nodes\0] free: 66.1gb[14.8%], replicas will not be assigned to this node
[2022-03-09T23:21:12,720][INFO ][o.e.c.r.a.DiskThresholdMonitor] [otHf-nP] low disk watermark [85%] exceeded on [otHf-nPeSUuRSlRS97315g][otHf-nP][C:\ws-estudos\alura-curso-elk-2\curso-elk-parte2\elasticsearch-5.2.0\data\nodes\0] free: 66.1gb[14.8%], replicas will not be assigned to this node
[2022-03-09T23:21:42,733][INFO ][o.e.c.r.a.DiskThresholdMonitor] [otHf-nP] low disk watermark [85%] exceeded on [otHf-nPeSUuRSlRS97315g][otHf-nP][C:\ws-estudos\alura-curso-elk-2\curso-elk-parte2\elasticsearch-5.2.0\data\nodes\0] free: 66.1gb[14.8%], replicas will not be assigned to this node
[2022-03-09T23:22:12,754][INFO ][o.e.c.r.a.DiskThresholdMonitor] [otHf-nP] low disk watermark [85%] exceeded on [otHf-nPeSUuRSlRS97315g][otHf-nP][C:\ws-estudos\alura-curso-elk-2\curso-elk-parte2\elasticsearch-5.2.0\data\nodes\0] free: 66.1gb[14.8%], replicas will not be assigned to this node
[2022-03-09T23:22:42,765][INFO ][o.e.c.r.a.DiskThresholdMonitor] [otHf-nP] low disk watermark [85%] exceeded on [otHf-nPeSUuRSlRS97315g][otHf-nP][C:\ws-estudos\alura-curso-elk-2\curso-elk-parte2\elasticsearch-5.2.0\data\nodes\0] free: 66.1gb[14.8%], replicas will not be assigned to this node
[2022-03-09T23:23:12,784][INFO ][o.e.c.r.a.DiskThresholdMonitor] [otHf-nP] low disk watermark [85%] exceeded on [otHf-nPeSUuRSlRS97315g][otHf-nP][C:\ws-estudos\alura-curso-elk-2\curso-elk-parte2\elasticsearch-5.2.0\data\nodes\0] free: 66.1gb[14.8%], replicas will not be assigned to this node
[2022-03-09T23:23:42,799][INFO ][o.e.c.r.a.DiskThresholdMonitor] [otHf-nP] low disk watermark [85%] exceeded on [otHf-nPeSUuRSlRS97315g][otHf-nP][C:\ws-estudos\alura-curso-elk-2\curso-elk-parte2\elasticsearch-5.2.0\data\nodes\0] free: 66.1gb[14.8%], replicas will not be assigned to this node
[2022-03-09T23:24:12,812][INFO ][o.e.c.r.a.DiskThresholdMonitor] [otHf-nP] low disk watermark [85%] exceeded on [otHf-nPeSUuRSlRS97315g][otHf-nP][C:\ws-estudos\alura-curso-elk-2\curso-elk-parte2\elasticsearch-5.2.0\data\nodes\0] free: 66.1gb[14.8%], replicas will not be assigned to this node
[2022-03-09T23:24:42,824][INFO ][o.e.c.r.a.DiskThresholdMonitor] [otHf-nP] low disk watermark [85%] exceeded on [otHf-nPeSUuRSlRS97315g][otHf-nP][C:\ws-estudos\alura-curso-elk-2\curso-elk-parte2\elasticsearch-5.2.0\data\nodes\0] free: 66.1gb[14.8%], replicas will not be assigned to this node
[2022-03-09T23:25:12,845][INFO ][o.e.c.r.a.DiskThresholdMonitor] [otHf-nP] low disk watermark [85%] exceeded on [otHf-nPeSUuRSlRS97315g][otHf-nP][C:\ws-estudos\alura-curso-elk-2\curso-elk-parte2\elasticsearch-5.2.0\data\nodes\0] free: 66.1gb[14.8%], replicas will not be assigned to this node
[2022-03-09T23:25:42,858][INFO ][o.e.c.r.a.DiskThresholdMonitor] [otHf-nP] low disk watermark [85%] exceeded on [otHf-nPeSUuRSlRS97315g][otHf-nP][C:\ws-estudos\alura-curso-elk-2\curso-elk-parte2\elasticsearch-5.2.0\data\nodes\0] free: 66.1gb[14.8%], replicas will not be assigned to this node
[2022-03-09T23:25:50,712][INFO ][o.e.c.m.MetaDataCreateIndexService] [otHf-nP] [produtos] creating index, cause [api], templates [], shards [3]/[0], mappings [v1]
[2022-03-09T23:25:50,772][INFO ][o.e.c.r.a.AllocationService] [otHf-nP] Cluster health status changed from [YELLOW] to [GREEN] (reason: [shards started [[produtos][2], [produtos][0]] ...]).
[2022-03-09T23:26:12,881][INFO ][o.e.c.r.a.DiskThresholdMonitor] [otHf-nP] low disk watermark [85%] exceeded on [otHf-nPeSUuRSlRS97315g][otHf-nP][C:\ws-estudos\alura-curso-elk-2\curso-elk-parte2\elasticsearch-5.2.0\data\nodes\0] free: 66.1gb[14.8%], replicas will not be assigned to this node
[2022-03-09T23:26:42,900][INFO ][o.e.c.r.a.DiskThresholdMonitor] [otHf-nP] low disk watermark [85%] exceeded on [otHf-nPeSUuRSlRS97315g][otHf-nP][C:\ws-estudos\alura-curso-elk-2\curso-elk-parte2\elasticsearch-5.2.0\data\nodes\0] free: 66.1gb[14.8%], replicas will not be assigned to this node
[2022-03-09T23:27:12,917][INFO ][o.e.c.r.a.DiskThresholdMonitor] [otHf-nP] low disk watermark [85%] exceeded on [otHf-nPeSUuRSlRS97315g][otHf-nP][C:\ws-estudos\alura-curso-elk-2\curso-elk-parte2\elasticsearch-5.2.0\data\nodes\0] free: 66.1gb[14.8%], replicas will not be assigned to this node
[2022-03-09T23:27:42,937][INFO ][o.e.c.r.a.DiskThresholdMonitor] [otHf-nP] low disk watermark [85%] exceeded on [otHf-nPeSUuRSlRS97315g][otHf-nP][C:\ws-estudos\alura-curso-elk-2\curso-elk-parte2\elasticsearch-5.2.0\data\nodes\0] free: 66.1gb[14.8%], replicas will not be assigned to this node
[2022-03-09T23:28:12,949][INFO ][o.e.c.r.a.DiskThresholdMonitor] [otHf-nP] low disk watermark [85%] exceeded on [otHf-nPeSUuRSlRS97315g][otHf-nP][C:\ws-estudos\alura-curso-elk-2\curso-elk-parte2\elasticsearch-5.2.0\data\nodes\0] free: 66.1gb[14.8%], replicas will not be assigned to this node
[2022-03-09T23:28:17,154][INFO ][o.e.c.m.MetaDataMappingService] [otHf-nP] [.kibana/kG-aPCeZR6GByJKJ8G0eSg] update_mapping [config]
[2022-03-09T23:28:42,972][INFO ][o.e.c.r.a.DiskThresholdMonitor] [otHf-nP] low disk watermark [85%] exceeded on [otHf-nPeSUuRSlRS97315g][otHf-nP][C:\ws-estudos\alura-curso-elk-2\curso-elk-parte2\elasticsearch-5.2.0\data\nodes\0] free: 66.1gb[14.8%], replicas will not be assigned to this node
[2022-03-09T23:29:13,002][INFO ][o.e.c.r.a.DiskThresholdMonitor] [otHf-nP] low disk watermark [85%] exceeded on [otHf-nPeSUuRSlRS97315g][otHf-nP][C:\ws-estudos\alura-curso-elk-2\curso-elk-parte2\elasticsearch-5.2.0\data\nodes\0] free: 66.1gb[14.8%], replicas will not be assigned to this node
[2022-03-09T23:29:35,767][INFO ][o.e.c.m.MetaDataMappingService] [otHf-nP] [.kibana/kG-aPCeZR6GByJKJ8G0eSg] create_mapping [search]
[2022-03-09T23:29:43,015][INFO ][o.e.c.r.a.DiskThresholdMonitor] [otHf-nP] low disk watermark [85%] exceeded on [otHf-nPeSUuRSlRS97315g][otHf-nP][C:\ws-estudos\alura-curso-elk-2\curso-elk-parte2\elasticsearch-5.2.0\data\nodes\0] free: 66.1gb[14.8%], replicas will not be assigned to this node
[2022-03-09T23:30:13,031][INFO ][o.e.c.r.a.DiskThresholdMonitor] [otHf-nP] low disk watermark [85%] exceeded on [otHf-nPeSUuRSlRS97315g][otHf-nP][C:\ws-estudos\alura-curso-elk-2\curso-elk-parte2\elasticsearch-5.2.0\data\nodes\0] free: 66.1gb[14.8%], replicas will not be assigned to this node
[2022-03-09T23:30:43,041][INFO ][o.e.c.r.a.DiskThresholdMonitor] [otHf-nP] low disk watermark [85%] exceeded on [otHf-nPeSUuRSlRS97315g][otHf-nP][C:\ws-estudos\alura-curso-elk-2\curso-elk-parte2\elasticsearch-5.2.0\data\nodes\0] free: 66.1gb[14.8%], replicas will not be assigned to this node
[2022-03-09T23:31:13,059][INFO ][o.e.c.r.a.DiskThresholdMonitor] [otHf-nP] low disk watermark [85%] exceeded on [otHf-nPeSUuRSlRS97315g][otHf-nP][C:\ws-estudos\alura-curso-elk-2\curso-elk-parte2\elasticsearch-5.2.0\data\nodes\0] free: 66.1gb[14.8%], replicas will not be assigned to this node
[2022-03-09T23:31:43,080][INFO ][o.e.c.r.a.DiskThresholdMonitor] [otHf-nP] low disk watermark [85%] exceeded on [otHf-nPeSUuRSlRS97315g][otHf-nP][C:\ws-estudos\alura-curso-elk-2\curso-elk-parte2\elasticsearch-5.2.0\data\nodes\0] free: 66.1gb[14.8%], replicas will not be assigned to this node
[2022-03-09T23:32:13,106][INFO ][o.e.c.r.a.DiskThresholdMonitor] [otHf-nP] low disk watermark [85%] exceeded on [otHf-nPeSUuRSlRS97315g][otHf-nP][C:\ws-estudos\alura-curso-elk-2\curso-elk-parte2\elasticsearch-5.2.0\data\nodes\0] free: 66.1gb[14.8%], replicas will not be assigned to this node
[2022-03-09T23:32:43,119][INFO ][o.e.c.r.a.DiskThresholdMonitor] [otHf-nP] low disk watermark [85%] exceeded on [otHf-nPeSUuRSlRS97315g][otHf-nP][C:\ws-estudos\alura-curso-elk-2\curso-elk-parte2\elasticsearch-5.2.0\data\nodes\0] free: 66.1gb[14.8%], replicas will not be assigned to this node
[2022-03-09T23:33:13,130][INFO ][o.e.c.r.a.DiskThresholdMonitor] [otHf-nP] low disk watermark [85%] exceeded on [otHf-nPeSUuRSlRS97315g][otHf-nP][C:\ws-estudos\alura-curso-elk-2\curso-elk-parte2\elasticsearch-5.2.0\data\nodes\0] free: 66.1gb[14.8%], replicas will not be assigned to this node
[2022-03-09T23:33:43,137][INFO ][o.e.c.r.a.DiskThresholdMonitor] [otHf-nP] low disk watermark [85%] exceeded on [otHf-nPeSUuRSlRS97315g][otHf-nP][C:\ws-estudos\alura-curso-elk-2\curso-elk-parte2\elasticsearch-5.2.0\data\nodes\0] free: 66.1gb[14.8%], replicas will not be assigned to this node
[2022-03-09T23:34:13,159][INFO ][o.e.c.r.a.DiskThresholdMonitor] [otHf-nP] low disk watermark [85%] exceeded on [otHf-nPeSUuRSlRS97315g][otHf-nP][C:\ws-estudos\alura-curso-elk-2\curso-elk-parte2\elasticsearch-5.2.0\data\nodes\0] free: 66.1gb[14.8%], replicas will not be assigned to this node
[2022-03-09T23:34:43,173][INFO ][o.e.c.r.a.DiskThresholdMonitor] [otHf-nP] low disk watermark [85%] exceeded on [otHf-nPeSUuRSlRS97315g][otHf-nP][C:\ws-estudos\alura-curso-elk-2\curso-elk-parte2\elasticsearch-5.2.0\data\nodes\0] free: 66.1gb[14.8%], replicas will not be assigned to this node
[2022-03-09T23:35:13,203][INFO ][o.e.c.r.a.DiskThresholdMonitor] [otHf-nP] low disk watermark [85%] exceeded on [otHf-nPeSUuRSlRS97315g][otHf-nP][C:\ws-estudos\alura-curso-elk-2\curso-elk-parte2\elasticsearch-5.2.0\data\nodes\0] free: 66.1gb[14.8%], replicas will not be assigned to this node
[2022-03-09T23:35:43,210][INFO ][o.e.c.r.a.DiskThresholdMonitor] [otHf-nP] low disk watermark [85%] exceeded on [otHf-nPeSUuRSlRS97315g][otHf-nP][C:\ws-estudos\alura-curso-elk-2\curso-elk-parte2\elasticsearch-5.2.0\data\nodes\0] free: 66.1gb[14.8%], replicas will not be assigned to this node
[2022-03-09T23:36:13,228][INFO ][o.e.c.r.a.DiskThresholdMonitor] [otHf-nP] low disk watermark [85%] exceeded on [otHf-nPeSUuRSlRS97315g][otHf-nP][C:\ws-estudos\alura-curso-elk-2\curso-elk-parte2\elasticsearch-5.2.0\data\nodes\0] free: 66.1gb[14.8%], replicas will not be assigned to this node
[2022-03-09T23:36:43,240][INFO ][o.e.c.r.a.DiskThresholdMonitor] [otHf-nP] low disk watermark [85%] exceeded on [otHf-nPeSUuRSlRS97315g][otHf-nP][C:\ws-estudos\alura-curso-elk-2\curso-elk-parte2\elasticsearch-5.2.0\data\nodes\0] free: 66.1gb[14.8%], replicas will not be assigned to this node
[2022-03-09T23:37:13,264][INFO ][o.e.c.r.a.DiskThresholdMonitor] [otHf-nP] low disk watermark [85%] exceeded on [otHf-nPeSUuRSlRS97315g][otHf-nP][C:\ws-estudos\alura-curso-elk-2\curso-elk-parte2\elasticsearch-5.2.0\data\nodes\0] free: 66.1gb[14.8%], replicas will not be assigned to this node
[2022-03-09T23:37:43,284][INFO ][o.e.c.r.a.DiskThresholdMonitor] [otHf-nP] low disk watermark [85%] exceeded on [otHf-nPeSUuRSlRS97315g][otHf-nP][C:\ws-estudos\alura-curso-elk-2\curso-elk-parte2\elasticsearch-5.2.0\data\nodes\0] free: 66.1gb[14.8%], replicas will not be assigned to this node
[2022-03-09T23:38:13,305][INFO ][o.e.c.r.a.DiskThresholdMonitor] [otHf-nP] low disk watermark [85%] exceeded on [otHf-nPeSUuRSlRS97315g][otHf-nP][C:\ws-estudos\alura-curso-elk-2\curso-elk-parte2\elasticsearch-5.2.0\data\nodes\0] free: 66.1gb[14.8%], replicas will not be assigned to this node
[2022-03-09T23:38:43,317][INFO ][o.e.c.r.a.DiskThresholdMonitor] [otHf-nP] low disk watermark [85%] exceeded on [otHf-nPeSUuRSlRS97315g][otHf-nP][C:\ws-estudos\alura-curso-elk-2\curso-elk-parte2\elasticsearch-5.2.0\data\nodes\0] free: 66.1gb[14.8%], replicas will not be assigned to this node
[2022-03-09T23:39:13,327][INFO ][o.e.c.r.a.DiskThresholdMonitor] [otHf-nP] low disk watermark [85%] exceeded on [otHf-nPeSUuRSlRS97315g][otHf-nP][C:\ws-estudos\alura-curso-elk-2\curso-elk-parte2\elasticsearch-5.2.0\data\nodes\0] free: 66.1gb[14.8%], replicas will not be assigned to this node
[2022-03-09T23:39:43,349][INFO ][o.e.c.r.a.DiskThresholdMonitor] [otHf-nP] low disk watermark [85%] exceeded on [otHf-nPeSUuRSlRS97315g][otHf-nP][C:\ws-estudos\alura-curso-elk-2\curso-elk-parte2\elasticsearch-5.2.0\data\nodes\0] free: 66.1gb[14.8%], replicas will not be assigned to this node
[2022-03-09T23:40:13,362][INFO ][o.e.c.r.a.DiskThresholdMonitor] [otHf-nP] low disk watermark [85%] exceeded on [otHf-nPeSUuRSlRS97315g][otHf-nP][C:\ws-estudos\alura-curso-elk-2\curso-elk-parte2\elasticsearch-5.2.0\data\nodes\0] free: 66.1gb[14.8%], replicas will not be assigned to this node
[2022-03-09T23:40:43,384][INFO ][o.e.c.r.a.DiskThresholdMonitor] [otHf-nP] low disk watermark [85%] exceeded on [otHf-nPeSUuRSlRS97315g][otHf-nP][C:\ws-estudos\alura-curso-elk-2\curso-elk-parte2\elasticsearch-5.2.0\data\nodes\0] free: 66.1gb[14.8%], replicas will not be assigned to this node
[2022-03-09T23:41:13,397][INFO ][o.e.c.r.a.DiskThresholdMonitor] [otHf-nP] low disk watermark [85%] exceeded on [otHf-nPeSUuRSlRS97315g][otHf-nP][C:\ws-estudos\alura-curso-elk-2\curso-elk-parte2\elasticsearch-5.2.0\data\nodes\0] free: 66.1gb[14.8%], replicas will not be assigned to this node
[2022-03-09T23:41:43,422][INFO ][o.e.c.r.a.DiskThresholdMonitor] [otHf-nP] low disk watermark [85%] exceeded on [otHf-nPeSUuRSlRS97315g][otHf-nP][C:\ws-estudos\alura-curso-elk-2\curso-elk-parte2\elasticsearch-5.2.0\data\nodes\0] free: 66.1gb[14.8%], replicas will not be assigned to this node
[2022-03-09T23:42:13,437][INFO ][o.e.c.r.a.DiskThresholdMonitor] [otHf-nP] low disk watermark [85%] exceeded on [otHf-nPeSUuRSlRS97315g][otHf-nP][C:\ws-estudos\alura-curso-elk-2\curso-elk-parte2\elasticsearch-5.2.0\data\nodes\0] free: 66.1gb[14.8%], replicas will not be assigned to this node
[2022-03-09T23:42:43,447][INFO ][o.e.c.r.a.DiskThresholdMonitor] [otHf-nP] low disk watermark [85%] exceeded on [otHf-nPeSUuRSlRS97315g][otHf-nP][C:\ws-estudos\alura-curso-elk-2\curso-elk-parte2\elasticsearch-5.2.0\data\nodes\0] free: 66.1gb[14.8%], replicas will not be assigned to this node
[2022-03-09T23:43:13,462][INFO ][o.e.c.r.a.DiskThresholdMonitor] [otHf-nP] low disk watermark [85%] exceeded on [otHf-nPeSUuRSlRS97315g][otHf-nP][C:\ws-estudos\alura-curso-elk-2\curso-elk-parte2\elasticsearch-5.2.0\data\nodes\0] free: 66.1gb[14.8%], replicas will not be assigned to this node
[2022-03-09T23:43:43,481][INFO ][o.e.c.r.a.DiskThresholdMonitor] [otHf-nP] low disk watermark [85%] exceeded on [otHf-nPeSUuRSlRS97315g][otHf-nP][C:\ws-estudos\alura-curso-elk-2\curso-elk-parte2\elasticsearch-5.2.0\data\nodes\0] free: 66.1gb[14.8%], replicas will not be assigned to this node
[2022-03-09T23:44:13,497][INFO ][o.e.c.r.a.DiskThresholdMonitor] [otHf-nP] low disk watermark [85%] exceeded on [otHf-nPeSUuRSlRS97315g][otHf-nP][C:\ws-estudos\alura-curso-elk-2\curso-elk-parte2\elasticsearch-5.2.0\data\nodes\0] free: 66.1gb[14.8%], replicas will not be assigned to this node
[2022-03-09T23:44:43,508][INFO ][o.e.c.r.a.DiskThresholdMonitor] [otHf-nP] low disk watermark [85%] exceeded on [otHf-nPeSUuRSlRS97315g][otHf-nP][C:\ws-estudos\alura-curso-elk-2\curso-elk-parte2\elasticsearch-5.2.0\data\nodes\0] free: 66.1gb[14.8%], replicas will not be assigned to this node
[2022-03-09T23:45:13,522][INFO ][o.e.c.r.a.DiskThresholdMonitor] [otHf-nP] low disk watermark [85%] exceeded on [otHf-nPeSUuRSlRS97315g][otHf-nP][C:\ws-estudos\alura-curso-elk-2\curso-elk-parte2\elasticsearch-5.2.0\data\nodes\0] free: 66.1gb[14.8%], replicas will not be assigned to this node
[2022-03-09T23:45:43,544][INFO ][o.e.c.r.a.DiskThresholdMonitor] [otHf-nP] low disk watermark [85%] exceeded on [otHf-nPeSUuRSlRS97315g][otHf-nP][C:\ws-estudos\alura-curso-elk-2\curso-elk-parte2\elasticsearch-5.2.0\data\nodes\0] free: 66.1gb[14.8%], replicas will not be assigned to this node
[2022-03-09T23:46:13,564][INFO ][o.e.c.r.a.DiskThresholdMonitor] [otHf-nP] low disk watermark [85%] exceeded on [otHf-nPeSUuRSlRS97315g][otHf-nP][C:\ws-estudos\alura-curso-elk-2\curso-elk-parte2\elasticsearch-5.2.0\data\nodes\0] free: 66.1gb[14.8%], replicas will not be assigned to this node
[2022-03-09T23:46:43,582][INFO ][o.e.c.r.a.DiskThresholdMonitor] [otHf-nP] low disk watermark [85%] exceeded on [otHf-nPeSUuRSlRS97315g][otHf-nP][C:\ws-estudos\alura-curso-elk-2\curso-elk-parte2\elasticsearch-5.2.0\data\nodes\0] free: 66.1gb[14.8%], replicas will not be assigned to this node
[2022-03-09T23:47:13,602][INFO ][o.e.c.r.a.DiskThresholdMonitor] [otHf-nP] low disk watermark [85%] exceeded on [otHf-nPeSUuRSlRS97315g][otHf-nP][C:\ws-estudos\alura-curso-elk-2\curso-elk-parte2\elasticsearch-5.2.0\data\nodes\0] free: 66.1gb[14.8%], replicas will not be assigned to this node
[2022-03-09T23:47:43,620][INFO ][o.e.c.r.a.DiskThresholdMonitor] [otHf-nP] low disk watermark [85%] exceeded on [otHf-nPeSUuRSlRS97315g][otHf-nP][C:\ws-estudos\alura-curso-elk-2\curso-elk-parte2\elasticsearch-5.2.0\data\nodes\0] free: 66.1gb[14.8%], replicas will not be assigned to this node
[2022-03-09T23:48:13,630][INFO ][o.e.c.r.a.DiskThresholdMonitor] [otHf-nP] low disk watermark [85%] exceeded on [otHf-nPeSUuRSlRS97315g][otHf-nP][C:\ws-estudos\alura-curso-elk-2\curso-elk-parte2\elasticsearch-5.2.0\data\nodes\0] free: 66.1gb[14.8%], replicas will not be assigned to this node
[2022-03-09T23:48:43,643][INFO ][o.e.c.r.a.DiskThresholdMonitor] [otHf-nP] low disk watermark [85%] exceeded on [otHf-nPeSUuRSlRS97315g][otHf-nP][C:\ws-estudos\alura-curso-elk-2\curso-elk-parte2\elasticsearch-5.2.0\data\nodes\0] free: 66.1gb[14.8%], replicas will not be assigned to this node
[2022-03-09T23:49:13,668][INFO ][o.e.c.r.a.DiskThresholdMonitor] [otHf-nP] low disk watermark [85%] exceeded on [otHf-nPeSUuRSlRS97315g][otHf-nP][C:\ws-estudos\alura-curso-elk-2\curso-elk-parte2\elasticsearch-5.2.0\data\nodes\0] free: 66.1gb[14.8%], replicas will not be assigned to this node
[2022-03-09T23:49:43,689][INFO ][o.e.c.r.a.DiskThresholdMonitor] [otHf-nP] low disk watermark [85%] exceeded on [otHf-nPeSUuRSlRS97315g][otHf-nP][C:\ws-estudos\alura-curso-elk-2\curso-elk-parte2\elasticsearch-5.2.0\data\nodes\0] free: 66.1gb[14.8%], replicas will not be assigned to this node
[2022-03-09T23:50:13,705][INFO ][o.e.c.r.a.DiskThresholdMonitor] [otHf-nP] low disk watermark [85%] exceeded on [otHf-nPeSUuRSlRS97315g][otHf-nP][C:\ws-estudos\alura-curso-elk-2\curso-elk-parte2\elasticsearch-5.2.0\data\nodes\0] free: 66.1gb[14.8%], replicas will not be assigned to this node
[2022-03-09T23:50:43,717][INFO ][o.e.c.r.a.DiskThresholdMonitor] [otHf-nP] low disk watermark [85%] exceeded on [otHf-nPeSUuRSlRS97315g][otHf-nP][C:\ws-estudos\alura-curso-elk-2\curso-elk-parte2\elasticsearch-5.2.0\data\nodes\0] free: 66.1gb[14.8%], replicas will not be assigned to this node
[2022-03-09T23:51:13,739][INFO ][o.e.c.r.a.DiskThresholdMonitor] [otHf-nP] low disk watermark [85%] exceeded on [otHf-nPeSUuRSlRS97315g][otHf-nP][C:\ws-estudos\alura-curso-elk-2\curso-elk-parte2\elasticsearch-5.2.0\data\nodes\0] free: 66.1gb[14.8%], replicas will not be assigned to this node
[2022-03-09T23:51:43,759][INFO ][o.e.c.r.a.DiskThresholdMonitor] [otHf-nP] low disk watermark [85%] exceeded on [otHf-nPeSUuRSlRS97315g][otHf-nP][C:\ws-estudos\alura-curso-elk-2\curso-elk-parte2\elasticsearch-5.2.0\data\nodes\0] free: 66.1gb[14.8%], replicas will not be assigned to this node
[2022-03-09T23:52:13,774][INFO ][o.e.c.r.a.DiskThresholdMonitor] [otHf-nP] low disk watermark [85%] exceeded on [otHf-nPeSUuRSlRS97315g][otHf-nP][C:\ws-estudos\alura-curso-elk-2\curso-elk-parte2\elasticsearch-5.2.0\data\nodes\0] free: 66.1gb[14.8%], replicas will not be assigned to this node
[2022-03-09T23:52:43,797][INFO ][o.e.c.r.a.DiskThresholdMonitor] [otHf-nP] low disk watermark [85%] exceeded on [otHf-nPeSUuRSlRS97315g][otHf-nP][C:\ws-estudos\alura-curso-elk-2\curso-elk-parte2\elasticsearch-5.2.0\data\nodes\0] free: 66.1gb[14.8%], replicas will not be assigned to this node
[2022-03-09T23:53:13,813][INFO ][o.e.c.r.a.DiskThresholdMonitor] [otHf-nP] low disk watermark [85%] exceeded on [otHf-nPeSUuRSlRS97315g][otHf-nP][C:\ws-estudos\alura-curso-elk-2\curso-elk-parte2\elasticsearch-5.2.0\data\nodes\0] free: 66.1gb[14.8%], replicas will not be assigned to this node
[2022-03-09T23:53:43,831][INFO ][o.e.c.r.a.DiskThresholdMonitor] [otHf-nP] low disk watermark [85%] exceeded on [otHf-nPeSUuRSlRS97315g][otHf-nP][C:\ws-estudos\alura-curso-elk-2\curso-elk-parte2\elasticsearch-5.2.0\data\nodes\0] free: 66.1gb[14.8%], replicas will not be assigned to this node
[2022-03-09T23:54:13,842][INFO ][o.e.c.r.a.DiskThresholdMonitor] [otHf-nP] low disk watermark [85%] exceeded on [otHf-nPeSUuRSlRS97315g][otHf-nP][C:\ws-estudos\alura-curso-elk-2\curso-elk-parte2\elasticsearch-5.2.0\data\nodes\0] free: 66.1gb[14.8%], replicas will not be assigned to this node
[2022-03-09T23:54:43,865][INFO ][o.e.c.r.a.DiskThresholdMonitor] [otHf-nP] low disk watermark [85%] exceeded on [otHf-nPeSUuRSlRS97315g][otHf-nP][C:\ws-estudos\alura-curso-elk-2\curso-elk-parte2\elasticsearch-5.2.0\data\nodes\0] free: 66.1gb[14.8%], replicas will not be assigned to this node
[2022-03-09T23:55:13,886][INFO ][o.e.c.r.a.DiskThresholdMonitor] [otHf-nP] low disk watermark [85%] exceeded on [otHf-nPeSUuRSlRS97315g][otHf-nP][C:\ws-estudos\alura-curso-elk-2\curso-elk-parte2\elasticsearch-5.2.0\data\nodes\0] free: 66.1gb[14.8%], replicas will not be assigned to this node
[2022-03-09T23:55:43,906][INFO ][o.e.c.r.a.DiskThresholdMonitor] [otHf-nP] low disk watermark [85%] exceeded on [otHf-nPeSUuRSlRS97315g][otHf-nP][C:\ws-estudos\alura-curso-elk-2\curso-elk-parte2\elasticsearch-5.2.0\data\nodes\0] free: 66.1gb[14.8%], replicas will not be assigned to this node
[2022-03-09T23:56:13,919][INFO ][o.e.c.r.a.DiskThresholdMonitor] [otHf-nP] low disk watermark [85%] exceeded on [otHf-nPeSUuRSlRS97315g][otHf-nP][C:\ws-estudos\alura-curso-elk-2\curso-elk-parte2\elasticsearch-5.2.0\data\nodes\0] free: 66.1gb[14.8%], replicas will not be assigned to this node
