[2022-03-10T23:42:10,784][INFO ][o.e.n.Node               ] [] initializing ...
[2022-03-10T23:42:10,844][INFO ][o.e.e.NodeEnvironment    ] [otHf-nP] using [1] data paths, mounts [[(C:)]], net usable_space [66.1gb], net total_space [446.5gb], spins? [unknown], types [NTFS]
[2022-03-10T23:42:10,844][INFO ][o.e.e.NodeEnvironment    ] [otHf-nP] heap size [1.9gb], compressed ordinary object pointers [true]
[2022-03-10T23:42:10,874][INFO ][o.e.n.Node               ] node name [otHf-nP] derived from node ID [otHf-nPeSUuRSlRS97315g]; set [node.name] to override
[2022-03-10T23:42:10,875][INFO ][o.e.n.Node               ] version[5.2.0], pid[380], build[24e05b9/2017-01-24T19:52:35.800Z], OS[Windows 10/10.0/amd64], JVM[Oracle Corporation/Java HotSpot(TM) 64-Bit Server VM/11.0.13/11.0.13+10-LTS-370]
[2022-03-10T23:42:11,386][INFO ][o.e.p.PluginsService     ] [otHf-nP] loaded module [aggs-matrix-stats]
[2022-03-10T23:42:11,386][INFO ][o.e.p.PluginsService     ] [otHf-nP] loaded module [ingest-common]
[2022-03-10T23:42:11,386][INFO ][o.e.p.PluginsService     ] [otHf-nP] loaded module [lang-expression]
[2022-03-10T23:42:11,386][INFO ][o.e.p.PluginsService     ] [otHf-nP] loaded module [lang-groovy]
[2022-03-10T23:42:11,386][INFO ][o.e.p.PluginsService     ] [otHf-nP] loaded module [lang-mustache]
[2022-03-10T23:42:11,387][INFO ][o.e.p.PluginsService     ] [otHf-nP] loaded module [lang-painless]
[2022-03-10T23:42:11,387][INFO ][o.e.p.PluginsService     ] [otHf-nP] loaded module [percolator]
[2022-03-10T23:42:11,387][INFO ][o.e.p.PluginsService     ] [otHf-nP] loaded module [reindex]
[2022-03-10T23:42:11,387][INFO ][o.e.p.PluginsService     ] [otHf-nP] loaded module [transport-netty3]
[2022-03-10T23:42:11,387][INFO ][o.e.p.PluginsService     ] [otHf-nP] loaded module [transport-netty4]
[2022-03-10T23:42:11,388][INFO ][o.e.p.PluginsService     ] [otHf-nP] no plugins loaded
[2022-03-10T23:42:13,194][INFO ][o.e.n.Node               ] initialized
[2022-03-10T23:42:13,195][INFO ][o.e.n.Node               ] [otHf-nP] starting ...
[2022-03-10T23:42:13,899][INFO ][o.e.t.TransportService   ] [otHf-nP] publish_address {127.0.0.1:9300}, bound_addresses {127.0.0.1:9300}, {[::1]:9300}
[2022-03-10T23:42:16,970][INFO ][o.e.c.s.ClusterService   ] [otHf-nP] new_master {otHf-nP}{otHf-nPeSUuRSlRS97315g}{ZdXayBF7RY2svi-msgbtOw}{127.0.0.1}{127.0.0.1:9300}, reason: zen-disco-elected-as-master ([0] nodes joined)
[2022-03-10T23:42:17,132][INFO ][o.e.g.GatewayService     ] [otHf-nP] recovered [2] indices into cluster_state
[2022-03-10T23:42:17,277][INFO ][o.e.c.r.a.AllocationService] [otHf-nP] Cluster health status changed from [RED] to [GREEN] (reason: [shards started [[produtos][1], [produtos][2], [.kibana][0], [produtos][0]] ...]).
[2022-03-10T23:42:17,355][INFO ][o.e.h.HttpServer         ] [otHf-nP] publish_address {127.0.0.1:9200}, bound_addresses {127.0.0.1:9200}, {[::1]:9200}
[2022-03-10T23:42:17,355][INFO ][o.e.n.Node               ] [otHf-nP] started
[2022-03-10T23:42:46,999][INFO ][o.e.c.r.a.DiskThresholdMonitor] [otHf-nP] low disk watermark [85%] exceeded on [otHf-nPeSUuRSlRS97315g][otHf-nP][C:\ws-estudos\alura-curso-elk-2\curso-elk-parte2\elasticsearch-5.2.0\data\nodes\0] free: 66.1gb[14.8%], replicas will not be assigned to this node
[2022-03-10T23:43:17,007][INFO ][o.e.c.r.a.DiskThresholdMonitor] [otHf-nP] low disk watermark [85%] exceeded on [otHf-nPeSUuRSlRS97315g][otHf-nP][C:\ws-estudos\alura-curso-elk-2\curso-elk-parte2\elasticsearch-5.2.0\data\nodes\0] free: 66.1gb[14.8%], replicas will not be assigned to this node
[2022-03-10T23:43:47,030][INFO ][o.e.c.r.a.DiskThresholdMonitor] [otHf-nP] low disk watermark [85%] exceeded on [otHf-nPeSUuRSlRS97315g][otHf-nP][C:\ws-estudos\alura-curso-elk-2\curso-elk-parte2\elasticsearch-5.2.0\data\nodes\0] free: 66.1gb[14.8%], replicas will not be assigned to this node
[2022-03-10T23:44:17,052][INFO ][o.e.c.r.a.DiskThresholdMonitor] [otHf-nP] low disk watermark [85%] exceeded on [otHf-nPeSUuRSlRS97315g][otHf-nP][C:\ws-estudos\alura-curso-elk-2\curso-elk-parte2\elasticsearch-5.2.0\data\nodes\0] free: 66.1gb[14.8%], replicas will not be assigned to this node
[2022-03-10T23:44:41,397][INFO ][o.e.c.m.MetaDataMappingService] [otHf-nP] [produtos/yJZeKzLKRqOwApYjL6_gjw] update_mapping [v1]
[2022-03-10T23:44:47,086][INFO ][o.e.c.r.a.DiskThresholdMonitor] [otHf-nP] low disk watermark [85%] exceeded on [otHf-nPeSUuRSlRS97315g][otHf-nP][C:\ws-estudos\alura-curso-elk-2\curso-elk-parte2\elasticsearch-5.2.0\data\nodes\0] free: 66.1gb[14.8%], replicas will not be assigned to this node
[2022-03-10T23:44:59,608][INFO ][o.e.c.m.MetaDataMappingService] [otHf-nP] [produtos/yJZeKzLKRqOwApYjL6_gjw] update_mapping [v1]
[2022-03-10T23:45:17,116][INFO ][o.e.c.r.a.DiskThresholdMonitor] [otHf-nP] low disk watermark [85%] exceeded on [otHf-nPeSUuRSlRS97315g][otHf-nP][C:\ws-estudos\alura-curso-elk-2\curso-elk-parte2\elasticsearch-5.2.0\data\nodes\0] free: 66.1gb[14.8%], replicas will not be assigned to this node
[2022-03-10T23:45:47,128][INFO ][o.e.c.r.a.DiskThresholdMonitor] [otHf-nP] low disk watermark [85%] exceeded on [otHf-nPeSUuRSlRS97315g][otHf-nP][C:\ws-estudos\alura-curso-elk-2\curso-elk-parte2\elasticsearch-5.2.0\data\nodes\0] free: 66.1gb[14.8%], replicas will not be assigned to this node
[2022-03-10T23:46:17,170][INFO ][o.e.c.r.a.DiskThresholdMonitor] [otHf-nP] low disk watermark [85%] exceeded on [otHf-nPeSUuRSlRS97315g][otHf-nP][C:\ws-estudos\alura-curso-elk-2\curso-elk-parte2\elasticsearch-5.2.0\data\nodes\0] free: 66.1gb[14.8%], replicas will not be assigned to this node
[2022-03-10T23:46:47,176][INFO ][o.e.c.r.a.DiskThresholdMonitor] [otHf-nP] low disk watermark [85%] exceeded on [otHf-nPeSUuRSlRS97315g][otHf-nP][C:\ws-estudos\alura-curso-elk-2\curso-elk-parte2\elasticsearch-5.2.0\data\nodes\0] free: 66.1gb[14.8%], replicas will not be assigned to this node
[2022-03-10T23:47:17,193][INFO ][o.e.c.r.a.DiskThresholdMonitor] [otHf-nP] low disk watermark [85%] exceeded on [otHf-nPeSUuRSlRS97315g][otHf-nP][C:\ws-estudos\alura-curso-elk-2\curso-elk-parte2\elasticsearch-5.2.0\data\nodes\0] free: 66.1gb[14.8%], replicas will not be assigned to this node
[2022-03-10T23:47:47,201][INFO ][o.e.c.r.a.DiskThresholdMonitor] [otHf-nP] low disk watermark [85%] exceeded on [otHf-nPeSUuRSlRS97315g][otHf-nP][C:\ws-estudos\alura-curso-elk-2\curso-elk-parte2\elasticsearch-5.2.0\data\nodes\0] free: 66.1gb[14.8%], replicas will not be assigned to this node
[2022-03-10T23:48:17,211][INFO ][o.e.c.r.a.DiskThresholdMonitor] [otHf-nP] low disk watermark [85%] exceeded on [otHf-nPeSUuRSlRS97315g][otHf-nP][C:\ws-estudos\alura-curso-elk-2\curso-elk-parte2\elasticsearch-5.2.0\data\nodes\0] free: 66.1gb[14.8%], replicas will not be assigned to this node
[2022-03-10T23:48:47,233][INFO ][o.e.c.r.a.DiskThresholdMonitor] [otHf-nP] low disk watermark [85%] exceeded on [otHf-nPeSUuRSlRS97315g][otHf-nP][C:\ws-estudos\alura-curso-elk-2\curso-elk-parte2\elasticsearch-5.2.0\data\nodes\0] free: 66.1gb[14.8%], replicas will not be assigned to this node
[2022-03-10T23:49:17,265][INFO ][o.e.c.r.a.DiskThresholdMonitor] [otHf-nP] low disk watermark [85%] exceeded on [otHf-nPeSUuRSlRS97315g][otHf-nP][C:\ws-estudos\alura-curso-elk-2\curso-elk-parte2\elasticsearch-5.2.0\data\nodes\0] free: 66.1gb[14.8%], replicas will not be assigned to this node
[2022-03-10T23:49:17,537][INFO ][o.e.c.m.MetaDataCreateIndexService] [otHf-nP] [produto] creating index, cause [auto(delete api)], templates [], shards [5]/[1], mappings []
[2022-03-10T23:49:47,291][INFO ][o.e.c.r.a.DiskThresholdMonitor] [otHf-nP] low disk watermark [85%] exceeded on [otHf-nPeSUuRSlRS97315g][otHf-nP][C:\ws-estudos\alura-curso-elk-2\curso-elk-parte2\elasticsearch-5.2.0\data\nodes\0] free: 66.1gb[14.8%], replicas will not be assigned to this node
[2022-03-10T23:50:17,312][INFO ][o.e.c.r.a.DiskThresholdMonitor] [otHf-nP] low disk watermark [85%] exceeded on [otHf-nPeSUuRSlRS97315g][otHf-nP][C:\ws-estudos\alura-curso-elk-2\curso-elk-parte2\elasticsearch-5.2.0\data\nodes\0] free: 66.1gb[14.8%], replicas will not be assigned to this node
[2022-03-10T23:50:47,338][INFO ][o.e.c.r.a.DiskThresholdMonitor] [otHf-nP] low disk watermark [85%] exceeded on [otHf-nPeSUuRSlRS97315g][otHf-nP][C:\ws-estudos\alura-curso-elk-2\curso-elk-parte2\elasticsearch-5.2.0\data\nodes\0] free: 66.1gb[14.8%], replicas will not be assigned to this node
[2022-03-10T23:50:49,591][INFO ][o.e.c.m.MetaDataMappingService] [otHf-nP] [.kibana/kG-aPCeZR6GByJKJ8G0eSg] create_mapping [dashboard]
[2022-03-10T23:50:51,126][INFO ][o.e.c.m.MetaDataMappingService] [otHf-nP] [.kibana/kG-aPCeZR6GByJKJ8G0eSg] create_mapping [timelion-sheet]
[2022-03-10T23:51:17,363][INFO ][o.e.c.r.a.DiskThresholdMonitor] [otHf-nP] low disk watermark [85%] exceeded on [otHf-nPeSUuRSlRS97315g][otHf-nP][C:\ws-estudos\alura-curso-elk-2\curso-elk-parte2\elasticsearch-5.2.0\data\nodes\0] free: 66.1gb[14.8%], replicas will not be assigned to this node
[2022-03-10T23:51:47,394][INFO ][o.e.c.r.a.DiskThresholdMonitor] [otHf-nP] low disk watermark [85%] exceeded on [otHf-nPeSUuRSlRS97315g][otHf-nP][C:\ws-estudos\alura-curso-elk-2\curso-elk-parte2\elasticsearch-5.2.0\data\nodes\0] free: 66.1gb[14.8%], replicas will not be assigned to this node
[2022-03-10T23:52:17,422][INFO ][o.e.c.r.a.DiskThresholdMonitor] [otHf-nP] low disk watermark [85%] exceeded on [otHf-nPeSUuRSlRS97315g][otHf-nP][C:\ws-estudos\alura-curso-elk-2\curso-elk-parte2\elasticsearch-5.2.0\data\nodes\0] free: 66.1gb[14.8%], replicas will not be assigned to this node
[2022-03-10T23:52:47,462][INFO ][o.e.c.r.a.DiskThresholdMonitor] [otHf-nP] low disk watermark [85%] exceeded on [otHf-nPeSUuRSlRS97315g][otHf-nP][C:\ws-estudos\alura-curso-elk-2\curso-elk-parte2\elasticsearch-5.2.0\data\nodes\0] free: 66.1gb[14.8%], replicas will not be assigned to this node
[2022-03-10T23:53:17,489][INFO ][o.e.c.r.a.DiskThresholdMonitor] [otHf-nP] low disk watermark [85%] exceeded on [otHf-nPeSUuRSlRS97315g][otHf-nP][C:\ws-estudos\alura-curso-elk-2\curso-elk-parte2\elasticsearch-5.2.0\data\nodes\0] free: 66.1gb[14.8%], replicas will not be assigned to this node
[2022-03-10T23:53:47,532][INFO ][o.e.c.r.a.DiskThresholdMonitor] [otHf-nP] low disk watermark [85%] exceeded on [otHf-nPeSUuRSlRS97315g][otHf-nP][C:\ws-estudos\alura-curso-elk-2\curso-elk-parte2\elasticsearch-5.2.0\data\nodes\0] free: 66.1gb[14.8%], replicas will not be assigned to this node
[2022-03-10T23:54:17,560][INFO ][o.e.c.r.a.DiskThresholdMonitor] [otHf-nP] low disk watermark [85%] exceeded on [otHf-nPeSUuRSlRS97315g][otHf-nP][C:\ws-estudos\alura-curso-elk-2\curso-elk-parte2\elasticsearch-5.2.0\data\nodes\0] free: 66.1gb[14.8%], replicas will not be assigned to this node
[2022-03-10T23:54:47,573][INFO ][o.e.c.r.a.DiskThresholdMonitor] [otHf-nP] low disk watermark [85%] exceeded on [otHf-nPeSUuRSlRS97315g][otHf-nP][C:\ws-estudos\alura-curso-elk-2\curso-elk-parte2\elasticsearch-5.2.0\data\nodes\0] free: 66.1gb[14.8%], replicas will not be assigned to this node
[2022-03-10T23:55:17,584][INFO ][o.e.c.r.a.DiskThresholdMonitor] [otHf-nP] low disk watermark [85%] exceeded on [otHf-nPeSUuRSlRS97315g][otHf-nP][C:\ws-estudos\alura-curso-elk-2\curso-elk-parte2\elasticsearch-5.2.0\data\nodes\0] free: 66.1gb[14.8%], replicas will not be assigned to this node
[2022-03-10T23:55:47,600][INFO ][o.e.c.r.a.DiskThresholdMonitor] [otHf-nP] low disk watermark [85%] exceeded on [otHf-nPeSUuRSlRS97315g][otHf-nP][C:\ws-estudos\alura-curso-elk-2\curso-elk-parte2\elasticsearch-5.2.0\data\nodes\0] free: 66.1gb[14.8%], replicas will not be assigned to this node
[2022-03-10T23:56:17,638][INFO ][o.e.c.r.a.DiskThresholdMonitor] [otHf-nP] low disk watermark [85%] exceeded on [otHf-nPeSUuRSlRS97315g][otHf-nP][C:\ws-estudos\alura-curso-elk-2\curso-elk-parte2\elasticsearch-5.2.0\data\nodes\0] free: 66.1gb[14.8%], replicas will not be assigned to this node
[2022-03-10T23:56:47,651][INFO ][o.e.c.r.a.DiskThresholdMonitor] [otHf-nP] low disk watermark [85%] exceeded on [otHf-nPeSUuRSlRS97315g][otHf-nP][C:\ws-estudos\alura-curso-elk-2\curso-elk-parte2\elasticsearch-5.2.0\data\nodes\0] free: 66.1gb[14.8%], replicas will not be assigned to this node
[2022-03-10T23:57:17,679][INFO ][o.e.c.r.a.DiskThresholdMonitor] [otHf-nP] low disk watermark [85%] exceeded on [otHf-nPeSUuRSlRS97315g][otHf-nP][C:\ws-estudos\alura-curso-elk-2\curso-elk-parte2\elasticsearch-5.2.0\data\nodes\0] free: 66.1gb[14.8%], replicas will not be assigned to this node
[2022-03-10T23:57:47,693][INFO ][o.e.c.r.a.DiskThresholdMonitor] [otHf-nP] low disk watermark [85%] exceeded on [otHf-nPeSUuRSlRS97315g][otHf-nP][C:\ws-estudos\alura-curso-elk-2\curso-elk-parte2\elasticsearch-5.2.0\data\nodes\0] free: 66.1gb[14.8%], replicas will not be assigned to this node
[2022-03-10T23:58:17,726][INFO ][o.e.c.r.a.DiskThresholdMonitor] [otHf-nP] low disk watermark [85%] exceeded on [otHf-nPeSUuRSlRS97315g][otHf-nP][C:\ws-estudos\alura-curso-elk-2\curso-elk-parte2\elasticsearch-5.2.0\data\nodes\0] free: 66.1gb[14.8%], replicas will not be assigned to this node
[2022-03-10T23:58:47,748][INFO ][o.e.c.r.a.DiskThresholdMonitor] [otHf-nP] low disk watermark [85%] exceeded on [otHf-nPeSUuRSlRS97315g][otHf-nP][C:\ws-estudos\alura-curso-elk-2\curso-elk-parte2\elasticsearch-5.2.0\data\nodes\0] free: 66.1gb[14.8%], replicas will not be assigned to this node
